{"level":"info","message":"::1 - - [02/Oct/2025:15:33:14 +0000] \"GET /favicon.ico HTTP/1.1\" 404 150 \"http://localhost:3000/\" \"Mozilla/5.0 (Windows NT 10.0; Win64; x64) AppleWebKit/537.36 (KHTML, like Gecko) Chrome/141.0.0.0 Safari/537.36\"","service":"acquisitions-api"}
{"level":"info","message":"Hello from Acquisitions!!","service":"acquisitions-api"}
{"level":"info","message":"::1 - - [02/Oct/2025:15:33:16 +0000] \"GET / HTTP/1.1\" 304 - \"-\" \"Mozilla/5.0 (Windows NT 10.0; Win64; x64) AppleWebKit/537.36 (KHTML, like Gecko) Chrome/141.0.0.0 Safari/537.36\"","service":"acquisitions-api"}
{"level":"info","message":"Hello from Acquisitions!!","service":"acquisitions-api"}
{"level":"info","message":"::1 - - [02/Oct/2025:16:08:35 +0000] \"GET / HTTP/1.1\" 200 26 \"-\" \"HTTPie\"","service":"acquisitions-api"}
{"level":"info","message":"::1 - - [02/Oct/2025:16:11:17 +0000] \"GET /api HTTP/1.1\" 200 41 \"-\" \"HTTPie\"","service":"acquisitions-api"}
{"level":"info","message":"::1 - - [02/Oct/2025:16:11:29 +0000] \"GET /health HTTP/1.1\" 200 75 \"-\" \"HTTPie\"","service":"acquisitions-api"}
{"level":"info","message":"::1 - - [02/Oct/2025:20:52:28 +0000] \"GET /api/auth/sign-up HTTP/1.1\" 404 155 \"-\" \"HTTPie\"","service":"acquisitions-api"}
{"level":"info","message":"::1 - - [02/Oct/2025:20:53:15 +0000] \"POST /api/auth/sign-up HTTP/1.1\" 200 31 \"-\" \"HTTPie\"","service":"acquisitions-api"}
{"level":"info","message":"::1 - - [02/Oct/2025:20:58:58 +0000] \"POST /api/auth/sign-up HTTP/1.1\" 200 31 \"-\" \"HTTPie\"","service":"acquisitions-api"}
{"level":"info","message":"::1 - - [02/Oct/2025:20:59:08 +0000] \"POST /api/auth/sign-up HTTP/1.1\" 200 31 \"-\" \"HTTPie\"","service":"acquisitions-api"}
{"level":"info","message":"::1 - - [02/Oct/2025:20:59:09 +0000] \"POST /api/auth/sign-up HTTP/1.1\" 200 31 \"-\" \"HTTPie\"","service":"acquisitions-api"}
{"level":"info","message":"::1 - - [02/Oct/2025:20:59:58 +0000] \"POST /api/auth/sign-up HTTP/1.1\" 400 92 \"-\" \"HTTPie\"","service":"acquisitions-api"}
{"level":"info","message":"::1 - - [02/Oct/2025:21:01:41 +0000] \"POST /api/auth/sign-up HTTP/1.1\" 400 144 \"-\" \"HTTPie\"","service":"acquisitions-api"}
{"level":"info","message":"User registered successfully: contact@wis.com","service":"acquisitions-api"}
{"level":"info","message":"::1 - - [02/Oct/2025:21:02:29 +0000] \"POST /api/auth/sign-up HTTP/1.1\" 201 102 \"-\" \"HTTPie\"","service":"acquisitions-api"}
{"level":"error","message":"Error creating user: Cannot read properties of undefined (reading 'email')","service":"acquisitions-api","stack":"TypeError: Cannot read properties of undefined (reading 'email')\n    at createUser (file:///C:/Users/VICTOR/Documents/acquisitions/src/services/auth.service.js:35:37)\n    at process.processTicksAndRejections (node:internal/process/task_queues:95:5)\n    at async signup (file:///C:/Users/VICTOR/Documents/acquisitions/src/controllers/auth.controller.js:24:22)"}
{"level":"error","message":"Error in signup : Error creating user","service":"acquisitions-api","stack":"Error: Error creating user\n    at createUser (file:///C:/Users/VICTOR/Documents/acquisitions/src/services/auth.service.js:39:15)\n    at process.processTicksAndRejections (node:internal/process/task_queues:95:5)\n    at async signup (file:///C:/Users/VICTOR/Documents/acquisitions/src/controllers/auth.controller.js:24:22)"}
{"level":"info","message":"::1 - - [03/Oct/2025:05:55:26 +0000] \"POST /api/auth/sign-up HTTP/1.1\" 500 486 \"-\" \"HTTPie\"","service":"acquisitions-api"}
{"cause":{"code":"23505","constraint":"users_email_unique","detail":"Key (email)=(admin@contact.com) already exists.","file":"nbtinsert.c","line":"666","name":"NeonDbError","routine":"_bt_check_unique","schema":"public","severity":"ERROR","table":"users"},"level":"error","message":"Error creating user: Failed query: insert into \"users\" (\"id\", \"name\", \"email\", \"password\", \"role\", \"createdAt\", \"updatedAt\") values (default, $1, $2, $3, $4, default, default) returning \"id\", \"name\", \"email\", \"role\", \"createdAt\"\nparams: Admin,admin@contact.com,$2b$10$gaP9KaA2ZaJffN0XZCMAF.wncOS6Yc5NHDvb2xNKV5P671mjiNIP6,admin","params":["Admin","admin@contact.com","$2b$10$gaP9KaA2ZaJffN0XZCMAF.wncOS6Yc5NHDvb2xNKV5P671mjiNIP6","admin"],"query":"insert into \"users\" (\"id\", \"name\", \"email\", \"password\", \"role\", \"createdAt\", \"updatedAt\") values (default, $1, $2, $3, $4, default, default) returning \"id\", \"name\", \"email\", \"role\", \"createdAt\"","service":"acquisitions-api","stack":"Error: Failed query: insert into \"users\" (\"id\", \"name\", \"email\", \"password\", \"role\", \"createdAt\", \"updatedAt\") values (default, $1, $2, $3, $4, default, default) returning \"id\", \"name\", \"email\", \"role\", \"createdAt\"\nparams: Admin,admin@contact.com,$2b$10$gaP9KaA2ZaJffN0XZCMAF.wncOS6Yc5NHDvb2xNKV5P671mjiNIP6,admin\n    at NeonHttpPreparedQuery.queryWithCache (file:///C:/Users/VICTOR/Documents/acquisitions/node_modules/drizzle-orm/pg-core/session.js:41:15)\n    at process.processTicksAndRejections (node:internal/process/task_queues:95:5)\n    at async NeonHttpPreparedQuery.execute (file:///C:/Users/VICTOR/Documents/acquisitions/node_modules/drizzle-orm/neon-http/session.js:45:20)\n    at async createUser (file:///C:/Users/VICTOR/Documents/acquisitions/src/services/auth.service.js:26:27)\n    at async signup (file:///C:/Users/VICTOR/Documents/acquisitions/src/controllers/auth.controller.js:24:22)"}
{"level":"error","message":"Error in signup : Error creating user","service":"acquisitions-api","stack":"Error: Error creating user\n    at createUser (file:///C:/Users/VICTOR/Documents/acquisitions/src/services/auth.service.js:39:15)\n    at process.processTicksAndRejections (node:internal/process/task_queues:95:5)\n    at async signup (file:///C:/Users/VICTOR/Documents/acquisitions/src/controllers/auth.controller.js:24:22)"}
{"level":"info","message":"::1 - - [03/Oct/2025:06:00:21 +0000] \"POST /api/auth/sign-up HTTP/1.1\" 500 486 \"-\" \"HTTPie\"","service":"acquisitions-api"}
{"cause":{"code":"23505","constraint":"users_email_unique","detail":"Key (email)=(admin@contact.com) already exists.","file":"nbtinsert.c","line":"666","name":"NeonDbError","routine":"_bt_check_unique","schema":"public","severity":"ERROR","table":"users"},"level":"error","message":"Error creating user: Failed query: insert into \"users\" (\"id\", \"name\", \"email\", \"password\", \"role\", \"createdAt\", \"updatedAt\") values (default, $1, $2, $3, $4, default, default) returning \"id\", \"name\", \"email\", \"role\", \"createdAt\"\nparams: Admin,admin@contact.com,$2b$10$JkhuWz1uE5kKUIgVYGMvJOaq1Zgfj4GAz0iptsatj4VXhRc2SFH6a,admin","params":["Admin","admin@contact.com","$2b$10$JkhuWz1uE5kKUIgVYGMvJOaq1Zgfj4GAz0iptsatj4VXhRc2SFH6a","admin"],"query":"insert into \"users\" (\"id\", \"name\", \"email\", \"password\", \"role\", \"createdAt\", \"updatedAt\") values (default, $1, $2, $3, $4, default, default) returning \"id\", \"name\", \"email\", \"role\", \"createdAt\"","service":"acquisitions-api","stack":"Error: Failed query: insert into \"users\" (\"id\", \"name\", \"email\", \"password\", \"role\", \"createdAt\", \"updatedAt\") values (default, $1, $2, $3, $4, default, default) returning \"id\", \"name\", \"email\", \"role\", \"createdAt\"\nparams: Admin,admin@contact.com,$2b$10$JkhuWz1uE5kKUIgVYGMvJOaq1Zgfj4GAz0iptsatj4VXhRc2SFH6a,admin\n    at NeonHttpPreparedQuery.queryWithCache (file:///C:/Users/VICTOR/Documents/acquisitions/node_modules/drizzle-orm/pg-core/session.js:41:15)\n    at process.processTicksAndRejections (node:internal/process/task_queues:95:5)\n    at async NeonHttpPreparedQuery.execute (file:///C:/Users/VICTOR/Documents/acquisitions/node_modules/drizzle-orm/neon-http/session.js:45:20)\n    at async createUser (file:///C:/Users/VICTOR/Documents/acquisitions/src/services/auth.service.js:26:26)\n    at async signup (file:///C:/Users/VICTOR/Documents/acquisitions/src/controllers/auth.controller.js:24:22)"}
{"level":"error","message":"Error in signup : Error creating user","service":"acquisitions-api","stack":"Error: Error creating user\n    at createUser (file:///C:/Users/VICTOR/Documents/acquisitions/src/services/auth.service.js:45:15)\n    at process.processTicksAndRejections (node:internal/process/task_queues:95:5)\n    at async signup (file:///C:/Users/VICTOR/Documents/acquisitions/src/controllers/auth.controller.js:24:22)"}
{"level":"info","message":"::1 - - [03/Oct/2025:06:03:48 +0000] \"POST /api/auth/sign-up HTTP/1.1\" 500 486 \"-\" \"HTTPie\"","service":"acquisitions-api"}
{"cause":{"code":"23505","constraint":"users_email_unique","detail":"Key (email)=(admin@contact.com) already exists.","file":"nbtinsert.c","line":"666","name":"NeonDbError","routine":"_bt_check_unique","schema":"public","severity":"ERROR","table":"users"},"level":"error","message":"Error creating user: Failed query: insert into \"users\" (\"id\", \"name\", \"email\", \"password\", \"role\", \"createdAt\", \"updatedAt\") values (default, $1, $2, $3, $4, default, default) returning \"id\", \"name\", \"email\", \"role\", \"createdAt\"\nparams: Admin,admin@contact.com,$2b$10$4SwWfRNUxkIBPY7Ub26nde6fWxrJeCzuKPq5/p8tPAZdR1WwUuEdC,admin","params":["Admin","admin@contact.com","$2b$10$4SwWfRNUxkIBPY7Ub26nde6fWxrJeCzuKPq5/p8tPAZdR1WwUuEdC","admin"],"query":"insert into \"users\" (\"id\", \"name\", \"email\", \"password\", \"role\", \"createdAt\", \"updatedAt\") values (default, $1, $2, $3, $4, default, default) returning \"id\", \"name\", \"email\", \"role\", \"createdAt\"","service":"acquisitions-api","stack":"Error: Failed query: insert into \"users\" (\"id\", \"name\", \"email\", \"password\", \"role\", \"createdAt\", \"updatedAt\") values (default, $1, $2, $3, $4, default, default) returning \"id\", \"name\", \"email\", \"role\", \"createdAt\"\nparams: Admin,admin@contact.com,$2b$10$4SwWfRNUxkIBPY7Ub26nde6fWxrJeCzuKPq5/p8tPAZdR1WwUuEdC,admin\n    at NeonHttpPreparedQuery.queryWithCache (file:///C:/Users/VICTOR/Documents/acquisitions/node_modules/drizzle-orm/pg-core/session.js:41:15)\n    at process.processTicksAndRejections (node:internal/process/task_queues:95:5)\n    at async NeonHttpPreparedQuery.execute (file:///C:/Users/VICTOR/Documents/acquisitions/node_modules/drizzle-orm/neon-http/session.js:45:20)\n    at async createUser (file:///C:/Users/VICTOR/Documents/acquisitions/src/services/auth.service.js:26:26)\n    at async signup (file:///C:/Users/VICTOR/Documents/acquisitions/src/controllers/auth.controller.js:24:22)"}
{"level":"error","message":"Error in signup : Error creating user","service":"acquisitions-api","stack":"Error: Error creating user\n    at createUser (file:///C:/Users/VICTOR/Documents/acquisitions/src/services/auth.service.js:45:15)\n    at process.processTicksAndRejections (node:internal/process/task_queues:95:5)\n    at async signup (file:///C:/Users/VICTOR/Documents/acquisitions/src/controllers/auth.controller.js:24:22)"}
{"level":"info","message":"::1 - - [03/Oct/2025:06:05:06 +0000] \"POST /api/auth/sign-up HTTP/1.1\" 500 486 \"-\" \"HTTPie\"","service":"acquisitions-api"}
{"level":"error","message":"Error creating user: User with this email already exists","service":"acquisitions-api","stack":"Error: User with this email already exists\n    at createUser (file:///C:/Users/VICTOR/Documents/acquisitions/src/services/auth.service.js:22:19)\n    at process.processTicksAndRejections (node:internal/process/task_queues:95:5)\n    at async signup (file:///C:/Users/VICTOR/Documents/acquisitions/src/controllers/auth.controller.js:24:22)"}
{"level":"error","message":"Error in signup : Error creating user","service":"acquisitions-api","stack":"Error: Error creating user\n    at createUser (file:///C:/Users/VICTOR/Documents/acquisitions/src/services/auth.service.js:45:15)\n    at process.processTicksAndRejections (node:internal/process/task_queues:95:5)\n    at async signup (file:///C:/Users/VICTOR/Documents/acquisitions/src/controllers/auth.controller.js:24:22)"}
{"level":"info","message":"::1 - - [03/Oct/2025:06:05:28 +0000] \"POST /api/auth/sign-up HTTP/1.1\" 500 486 \"-\" \"HTTPie\"","service":"acquisitions-api"}
{"level":"error","message":"Error creating user: Cannot convert undefined or null to object","service":"acquisitions-api","stack":"TypeError: Cannot convert undefined or null to object\n    at Function.entries (<anonymous>)\n    at orderSelectedFields (file:///C:/Users/VICTOR/Documents/acquisitions/node_modules/drizzle-orm/utils.js:53:17)\n    at file:///C:/Users/VICTOR/Documents/acquisitions/node_modules/drizzle-orm/utils.js:63:22\n    at Array.reduce (<anonymous>)\n    at orderSelectedFields (file:///C:/Users/VICTOR/Documents/acquisitions/node_modules/drizzle-orm/utils.js:53:33)\n    at QueryPromise.returning (file:///C:/Users/VICTOR/Documents/acquisitions/node_modules/drizzle-orm/pg-core/query-builders/insert.js:75:29)\n    at createUser (file:///C:/Users/VICTOR/Documents/acquisitions/src/services/auth.service.js:34:4)\n    at async signup (file:///C:/Users/VICTOR/Documents/acquisitions/src/controllers/auth.controller.js:24:22)"}
{"level":"error","message":"Error in signup : Error creating user","service":"acquisitions-api","stack":"Error: Error creating user\n    at createUser (file:///C:/Users/VICTOR/Documents/acquisitions/src/services/auth.service.js:45:15)\n    at async signup (file:///C:/Users/VICTOR/Documents/acquisitions/src/controllers/auth.controller.js:24:22)"}
{"level":"info","message":"::1 - - [03/Oct/2025:06:08:12 +0000] \"POST /api/auth/sign-up HTTP/1.1\" 500 391 \"-\" \"HTTPie\"","service":"acquisitions-api"}
{"level":"error","message":"Error creating user: Cannot convert undefined or null to object","service":"acquisitions-api","stack":"TypeError: Cannot convert undefined or null to object\n    at Function.entries (<anonymous>)\n    at orderSelectedFields (file:///C:/Users/VICTOR/Documents/acquisitions/node_modules/drizzle-orm/utils.js:53:17)\n    at file:///C:/Users/VICTOR/Documents/acquisitions/node_modules/drizzle-orm/utils.js:63:22\n    at Array.reduce (<anonymous>)\n    at orderSelectedFields (file:///C:/Users/VICTOR/Documents/acquisitions/node_modules/drizzle-orm/utils.js:53:33)\n    at QueryPromise.returning (file:///C:/Users/VICTOR/Documents/acquisitions/node_modules/drizzle-orm/pg-core/query-builders/insert.js:75:29)\n    at createUser (file:///C:/Users/VICTOR/Documents/acquisitions/src/services/auth.service.js:34:4)\n    at async signup (file:///C:/Users/VICTOR/Documents/acquisitions/src/controllers/auth.controller.js:24:22)"}
{"level":"error","message":"Error in signup : Error creating user","service":"acquisitions-api","stack":"Error: Error creating user\n    at createUser (file:///C:/Users/VICTOR/Documents/acquisitions/src/services/auth.service.js:45:15)\n    at async signup (file:///C:/Users/VICTOR/Documents/acquisitions/src/controllers/auth.controller.js:24:22)"}
{"level":"info","message":"::1 - - [03/Oct/2025:06:08:46 +0000] \"POST /api/auth/sign-up HTTP/1.1\" 500 391 \"-\" \"HTTPie\"","service":"acquisitions-api"}
{"cause":{"code":"23505","constraint":"users_email_unique","detail":"Key (email)=(admin@contact.com) already exists.","file":"nbtinsert.c","line":"666","name":"NeonDbError","routine":"_bt_check_unique","schema":"public","severity":"ERROR","table":"users"},"level":"error","message":"Error creating user: Failed query: insert into \"users\" (\"id\", \"name\", \"email\", \"password\", \"role\", \"createdAt\", \"updatedAt\") values (default, $1, $2, $3, $4, default, default) returning \"id\", \"name\", \"email\", \"role\", \"createdAt\"\nparams: Admin,admin@contact.com,$2b$10$eLfRO1spbceYUdjlmddGGOh7hqTjElx5dHPlYEAIk8OazofFAHYKq,admin","params":["Admin","admin@contact.com","$2b$10$eLfRO1spbceYUdjlmddGGOh7hqTjElx5dHPlYEAIk8OazofFAHYKq","admin"],"query":"insert into \"users\" (\"id\", \"name\", \"email\", \"password\", \"role\", \"createdAt\", \"updatedAt\") values (default, $1, $2, $3, $4, default, default) returning \"id\", \"name\", \"email\", \"role\", \"createdAt\"","service":"acquisitions-api","stack":"Error: Failed query: insert into \"users\" (\"id\", \"name\", \"email\", \"password\", \"role\", \"createdAt\", \"updatedAt\") values (default, $1, $2, $3, $4, default, default) returning \"id\", \"name\", \"email\", \"role\", \"createdAt\"\nparams: Admin,admin@contact.com,$2b$10$eLfRO1spbceYUdjlmddGGOh7hqTjElx5dHPlYEAIk8OazofFAHYKq,admin\n    at NeonHttpPreparedQuery.queryWithCache (file:///C:/Users/VICTOR/Documents/acquisitions/node_modules/drizzle-orm/pg-core/session.js:41:15)\n    at process.processTicksAndRejections (node:internal/process/task_queues:95:5)\n    at async NeonHttpPreparedQuery.execute (file:///C:/Users/VICTOR/Documents/acquisitions/node_modules/drizzle-orm/neon-http/session.js:45:20)\n    at async createUser (file:///C:/Users/VICTOR/Documents/acquisitions/src/services/auth.service.js:26:26)\n    at async signup (file:///C:/Users/VICTOR/Documents/acquisitions/src/controllers/auth.controller.js:24:22)"}
{"cause":{"code":"23505","constraint":"users_email_unique","detail":"Key (email)=(admin@contact.com) already exists.","file":"nbtinsert.c","line":"666","name":"NeonDbError","routine":"_bt_check_unique","schema":"public","severity":"ERROR","table":"users"},"level":"error","message":"Error in signup : Error creating user","service":"acquisitions-api","stack":"Error: Error creating user\n    at createUser (file:///C:/Users/VICTOR/Documents/acquisitions/src/services/auth.service.js:45:15)\n    at process.processTicksAndRejections (node:internal/process/task_queues:95:5)\n    at async signup (file:///C:/Users/VICTOR/Documents/acquisitions/src/controllers/auth.controller.js:24:22)"}
{"level":"info","message":"::1 - - [03/Oct/2025:06:09:47 +0000] \"POST /api/auth/sign-up HTTP/1.1\" 500 486 \"-\" \"HTTPie\"","service":"acquisitions-api"}
{"level":"info","message":"User admioon@contact.com created successfully","service":"acquisitions-api"}
{"level":"error","message":"Error in signup : set is not defined","service":"acquisitions-api","stack":"ReferenceError: set is not defined\n    at Object.set (file:///C:/Users/VICTOR/Documents/acquisitions/src/utils/cookies.js:14:6)\n    at signup (file:///C:/Users/VICTOR/Documents/acquisitions/src/controllers/auth.controller.js:28:17)\n    at process.processTicksAndRejections (node:internal/process/task_queues:95:5)"}
{"level":"info","message":"::1 - - [03/Oct/2025:06:11:17 +0000] \"POST /api/auth/sign-up HTTP/1.1\" 500 479 \"-\" \"HTTPie\"","service":"acquisitions-api"}
{"level":"info","message":"User admin@contact.com created successfully","service":"acquisitions-api"}
{"level":"error","message":"Error in signup : res.cookies is not a function","service":"acquisitions-api","stack":"TypeError: res.cookies is not a function\n    at Object.set (file:///C:/Users/VICTOR/Documents/acquisitions/src/utils/cookies.js:14:10)\n    at signup (file:///C:/Users/VICTOR/Documents/acquisitions/src/controllers/auth.controller.js:28:17)\n    at process.processTicksAndRejections (node:internal/process/task_queues:95:5)"}
{"level":"info","message":"::1 - - [03/Oct/2025:06:14:15 +0000] \"POST /api/auth/sign-up HTTP/1.1\" 500 486 \"-\" \"HTTPie\"","service":"acquisitions-api"}
{"level":"info","message":"User admin@contact.com created successfully","service":"acquisitions-api"}
{"level":"info","message":"User registered successfully: admin@contact.com","service":"acquisitions-api"}
{"level":"info","message":"::1 - - [03/Oct/2025:06:16:25 +0000] \"POST /api/auth/sign-up HTTP/1.1\" 201 104 \"-\" \"HTTPie\"","service":"acquisitions-api"}
{"cause":{"name":"NeonDbError","sourceError":{}},"level":"error","message":"Error creating user: Failed query: select \"id\", \"name\", \"email\", \"password\", \"role\", \"createdAt\", \"updatedAt\" from \"users\" where \"users\".\"email\" = $1 limit $2\nparams: admrain@contact.com,1","params":["admrain@contact.com",1],"query":"select \"id\", \"name\", \"email\", \"password\", \"role\", \"createdAt\", \"updatedAt\" from \"users\" where \"users\".\"email\" = $1 limit $2","service":"acquisitions-api","stack":"Error: Failed query: select \"id\", \"name\", \"email\", \"password\", \"role\", \"createdAt\", \"updatedAt\" from \"users\" where \"users\".\"email\" = $1 limit $2\nparams: admrain@contact.com,1\n    at NeonHttpPreparedQuery.queryWithCache (file:///C:/Users/VICTOR/Documents/acquisitions/node_modules/drizzle-orm/pg-core/session.js:41:15)\n    at process.processTicksAndRejections (node:internal/process/task_queues:95:5)\n    at async NeonHttpPreparedQuery.execute (file:///C:/Users/VICTOR/Documents/acquisitions/node_modules/drizzle-orm/neon-http/session.js:45:20)\n    at async createUser (file:///C:/Users/VICTOR/Documents/acquisitions/src/services/auth.service.js:19:30)\n    at async signup (file:///C:/Users/VICTOR/Documents/acquisitions/src/controllers/auth.controller.js:24:22)"}
{"cause":{"name":"NeonDbError","sourceError":{}},"level":"error","message":"Error in signup : Error creating user","service":"acquisitions-api","stack":"Error: Error creating user\n    at createUser (file:///C:/Users/VICTOR/Documents/acquisitions/src/services/auth.service.js:45:15)\n    at process.processTicksAndRejections (node:internal/process/task_queues:95:5)\n    at async signup (file:///C:/Users/VICTOR/Documents/acquisitions/src/controllers/auth.controller.js:24:22)"}
{"level":"info","message":"::1 - - [03/Oct/2025:10:57:32 +0000] \"POST /api/auth/sign-up HTTP/1.1\" 500 486 \"-\" \"HTTPie\"","service":"acquisitions-api"}
{"level":"info","message":"User admrain@contact.com created successfully","service":"acquisitions-api"}
{"level":"info","message":"User registered successfully: admrain@contact.com","service":"acquisitions-api"}
{"level":"info","message":"::1 - - [03/Oct/2025:11:07:42 +0000] \"POST /api/auth/sign-up HTTP/1.1\" 201 107 \"-\" \"HTTPie\"","service":"acquisitions-api"}
{"level":"info","message":"User signed in: admrain@contact.com","service":"acquisitions-api"}
{"level":"info","message":"::1 - - [04/Oct/2025:01:24:01 +0000] \"POST /api/auth/sign-in HTTP/1.1\" 200 105 \"-\" \"HTTPie\"","service":"acquisitions-api"}
{"level":"error","message":"Error in signout: Cannot read properties of undefined (reading 'clearCookie')","service":"acquisitions-api","stack":"TypeError: Cannot read properties of undefined (reading 'clearCookie')\n    at Object.clear (file:///C:/Users/VICTOR/Documents/acquisitions/src/utils/cookies.js:18:13)\n    at signOut (file:///C:/Users/VICTOR/Documents/acquisitions/src/services/auth.service.js:53:13)\n    at signout (file:///C:/Users/VICTOR/Documents/acquisitions/src/controllers/auth.controller.js:96:11)\n    at Layer.handleRequest (C:\\Users\\VICTOR\\Documents\\acquisitions\\node_modules\\router\\lib\\layer.js:152:17)\n    at next (C:\\Users\\VICTOR\\Documents\\acquisitions\\node_modules\\router\\lib\\route.js:157:13)\n    at Route.dispatch (C:\\Users\\VICTOR\\Documents\\acquisitions\\node_modules\\router\\lib\\route.js:117:3)\n    at handle (C:\\Users\\VICTOR\\Documents\\acquisitions\\node_modules\\router\\index.js:435:11)\n    at Layer.handleRequest (C:\\Users\\VICTOR\\Documents\\acquisitions\\node_modules\\router\\lib\\layer.js:152:17)\n    at C:\\Users\\VICTOR\\Documents\\acquisitions\\node_modules\\router\\index.js:295:15\n    at processParams (C:\\Users\\VICTOR\\Documents\\acquisitions\\node_modules\\router\\index.js:582:12)"}
{"level":"error","message":"Error in signout: Cannot read properties of undefined (reading 'status')","service":"acquisitions-api","stack":"TypeError: Cannot read properties of undefined (reading 'status')\n    at signOut (file:///C:/Users/VICTOR/Documents/acquisitions/src/services/auth.service.js:58:16)\n    at signout (file:///C:/Users/VICTOR/Documents/acquisitions/src/controllers/auth.controller.js:96:11)\n    at Layer.handleRequest (C:\\Users\\VICTOR\\Documents\\acquisitions\\node_modules\\router\\lib\\layer.js:152:17)\n    at next (C:\\Users\\VICTOR\\Documents\\acquisitions\\node_modules\\router\\lib\\route.js:157:13)\n    at Route.dispatch (C:\\Users\\VICTOR\\Documents\\acquisitions\\node_modules\\router\\lib\\route.js:117:3)\n    at handle (C:\\Users\\VICTOR\\Documents\\acquisitions\\node_modules\\router\\index.js:435:11)\n    at Layer.handleRequest (C:\\Users\\VICTOR\\Documents\\acquisitions\\node_modules\\router\\lib\\layer.js:152:17)\n    at C:\\Users\\VICTOR\\Documents\\acquisitions\\node_modules\\router\\index.js:295:15\n    at processParams (C:\\Users\\VICTOR\\Documents\\acquisitions\\node_modules\\router\\index.js:582:12)\n    at next (C:\\Users\\VICTOR\\Documents\\acquisitions\\node_modules\\router\\index.js:291:5)"}
{"level":"info","message":"::1 - - [04/Oct/2025:01:24:33 +0000] \"POST /api/auth/sign-out HTTP/1.1\" 500 1304 \"-\" \"HTTPie\"","service":"acquisitions-api"}
{"level":"error","message":"Error in signout: Cannot read properties of undefined (reading 'clearCookie')","service":"acquisitions-api","stack":"TypeError: Cannot read properties of undefined (reading 'clearCookie')\n    at Object.clear (file:///C:/Users/VICTOR/Documents/acquisitions/src/utils/cookies.js:18:13)\n    at signOut (file:///C:/Users/VICTOR/Documents/acquisitions/src/services/auth.service.js:53:13)\n    at signout (file:///C:/Users/VICTOR/Documents/acquisitions/src/controllers/auth.controller.js:96:11)\n    at Layer.handleRequest (C:\\Users\\VICTOR\\Documents\\acquisitions\\node_modules\\router\\lib\\layer.js:152:17)\n    at next (C:\\Users\\VICTOR\\Documents\\acquisitions\\node_modules\\router\\lib\\route.js:157:13)\n    at Route.dispatch (C:\\Users\\VICTOR\\Documents\\acquisitions\\node_modules\\router\\lib\\route.js:117:3)\n    at handle (C:\\Users\\VICTOR\\Documents\\acquisitions\\node_modules\\router\\index.js:435:11)\n    at Layer.handleRequest (C:\\Users\\VICTOR\\Documents\\acquisitions\\node_modules\\router\\lib\\layer.js:152:17)\n    at C:\\Users\\VICTOR\\Documents\\acquisitions\\node_modules\\router\\index.js:295:15\n    at processParams (C:\\Users\\VICTOR\\Documents\\acquisitions\\node_modules\\router\\index.js:582:12)"}
{"level":"error","message":"Error in signout: Cannot read properties of undefined (reading 'status')","service":"acquisitions-api","stack":"TypeError: Cannot read properties of undefined (reading 'status')\n    at signOut (file:///C:/Users/VICTOR/Documents/acquisitions/src/services/auth.service.js:58:16)\n    at signout (file:///C:/Users/VICTOR/Documents/acquisitions/src/controllers/auth.controller.js:96:11)\n    at Layer.handleRequest (C:\\Users\\VICTOR\\Documents\\acquisitions\\node_modules\\router\\lib\\layer.js:152:17)\n    at next (C:\\Users\\VICTOR\\Documents\\acquisitions\\node_modules\\router\\lib\\route.js:157:13)\n    at Route.dispatch (C:\\Users\\VICTOR\\Documents\\acquisitions\\node_modules\\router\\lib\\route.js:117:3)\n    at handle (C:\\Users\\VICTOR\\Documents\\acquisitions\\node_modules\\router\\index.js:435:11)\n    at Layer.handleRequest (C:\\Users\\VICTOR\\Documents\\acquisitions\\node_modules\\router\\lib\\layer.js:152:17)\n    at C:\\Users\\VICTOR\\Documents\\acquisitions\\node_modules\\router\\index.js:295:15\n    at processParams (C:\\Users\\VICTOR\\Documents\\acquisitions\\node_modules\\router\\index.js:582:12)\n    at next (C:\\Users\\VICTOR\\Documents\\acquisitions\\node_modules\\router\\index.js:291:5)"}
{"level":"info","message":"::1 - - [04/Oct/2025:01:27:39 +0000] \"POST /api/auth/sign-out HTTP/1.1\" 500 1304 \"-\" \"HTTPie\"","service":"acquisitions-api"}
{"level":"error","message":"Error in signout: Cannot read properties of undefined (reading 'clearCookie')","service":"acquisitions-api","stack":"TypeError: Cannot read properties of undefined (reading 'clearCookie')\n    at Object.clear (file:///C:/Users/VICTOR/Documents/acquisitions/src/utils/cookies.js:18:13)\n    at signOut (file:///C:/Users/VICTOR/Documents/acquisitions/src/services/auth.service.js:53:13)\n    at signout (file:///C:/Users/VICTOR/Documents/acquisitions/src/controllers/auth.controller.js:96:11)\n    at Layer.handleRequest (C:\\Users\\VICTOR\\Documents\\acquisitions\\node_modules\\router\\lib\\layer.js:152:17)\n    at next (C:\\Users\\VICTOR\\Documents\\acquisitions\\node_modules\\router\\lib\\route.js:157:13)\n    at Route.dispatch (C:\\Users\\VICTOR\\Documents\\acquisitions\\node_modules\\router\\lib\\route.js:117:3)\n    at handle (C:\\Users\\VICTOR\\Documents\\acquisitions\\node_modules\\router\\index.js:435:11)\n    at Layer.handleRequest (C:\\Users\\VICTOR\\Documents\\acquisitions\\node_modules\\router\\lib\\layer.js:152:17)\n    at C:\\Users\\VICTOR\\Documents\\acquisitions\\node_modules\\router\\index.js:295:15\n    at processParams (C:\\Users\\VICTOR\\Documents\\acquisitions\\node_modules\\router\\index.js:582:12)"}
{"level":"error","message":"Error in signout: Cannot read properties of undefined (reading 'status')","service":"acquisitions-api","stack":"TypeError: Cannot read properties of undefined (reading 'status')\n    at signOut (file:///C:/Users/VICTOR/Documents/acquisitions/src/services/auth.service.js:58:16)\n    at signout (file:///C:/Users/VICTOR/Documents/acquisitions/src/controllers/auth.controller.js:96:11)\n    at Layer.handleRequest (C:\\Users\\VICTOR\\Documents\\acquisitions\\node_modules\\router\\lib\\layer.js:152:17)\n    at next (C:\\Users\\VICTOR\\Documents\\acquisitions\\node_modules\\router\\lib\\route.js:157:13)\n    at Route.dispatch (C:\\Users\\VICTOR\\Documents\\acquisitions\\node_modules\\router\\lib\\route.js:117:3)\n    at handle (C:\\Users\\VICTOR\\Documents\\acquisitions\\node_modules\\router\\index.js:435:11)\n    at Layer.handleRequest (C:\\Users\\VICTOR\\Documents\\acquisitions\\node_modules\\router\\lib\\layer.js:152:17)\n    at C:\\Users\\VICTOR\\Documents\\acquisitions\\node_modules\\router\\index.js:295:15\n    at processParams (C:\\Users\\VICTOR\\Documents\\acquisitions\\node_modules\\router\\index.js:582:12)\n    at next (C:\\Users\\VICTOR\\Documents\\acquisitions\\node_modules\\router\\index.js:291:5)"}
{"level":"info","message":"::1 - - [04/Oct/2025:01:27:42 +0000] \"POST /api/auth/sign-out HTTP/1.1\" 500 1304 \"-\" \"HTTPie\"","service":"acquisitions-api"}
{"level":"info","message":"User signed out","service":"acquisitions-api"}
{"level":"info","message":"::1 - - [04/Oct/2025:01:33:26 +0000] \"POST /api/auth/sign-out HTTP/1.1\" 200 29 \"-\" \"HTTPie\"","service":"acquisitions-api"}
{"level":"info","message":"::1 - - [04/Oct/2025:02:54:56 +0000] \"GET /health HTTP/1.1\" 200 74 \"-\" \"HTTPie\"","service":"acquisitions-api"}
{"level":"info","message":"::1 - - [04/Oct/2025:02:55:57 +0000] \"GET /health HTTP/1.1\" 200 74 \"-\" \"HTTPie\"","service":"acquisitions-api"}
{"level":"info","message":"::1 - - [04/Oct/2025:02:55:58 +0000] \"GET /health HTTP/1.1\" 200 74 \"-\" \"HTTPie\"","service":"acquisitions-api"}
{"level":"info","message":"::1 - - [04/Oct/2025:02:55:58 +0000] \"GET /health HTTP/1.1\" 200 74 \"-\" \"HTTPie\"","service":"acquisitions-api"}
{"level":"info","message":"::1 - - [04/Oct/2025:02:55:58 +0000] \"GET /health HTTP/1.1\" 200 74 \"-\" \"HTTPie\"","service":"acquisitions-api"}
{"level":"info","message":"::1 - - [04/Oct/2025:02:55:59 +0000] \"GET /health HTTP/1.1\" 200 74 \"-\" \"HTTPie\"","service":"acquisitions-api"}
{"level":"info","message":"::1 - - [04/Oct/2025:02:55:59 +0000] \"GET /health HTTP/1.1\" 200 74 \"-\" \"HTTPie\"","service":"acquisitions-api"}
{"level":"info","message":"::1 - - [04/Oct/2025:02:56:00 +0000] \"GET /health HTTP/1.1\" 200 72 \"-\" \"HTTPie\"","service":"acquisitions-api"}
{"level":"info","message":"::1 - - [04/Oct/2025:02:56:00 +0000] \"GET /health HTTP/1.1\" 200 74 \"-\" \"HTTPie\"","service":"acquisitions-api"}
{"level":"info","message":"::1 - - [04/Oct/2025:02:56:00 +0000] \"GET /health HTTP/1.1\" 200 74 \"-\" \"HTTPie\"","service":"acquisitions-api"}
{"level":"info","message":"::1 - - [04/Oct/2025:02:56:01 +0000] \"GET /health HTTP/1.1\" 200 74 \"-\" \"HTTPie\"","service":"acquisitions-api"}
{"level":"info","message":"::1 - - [04/Oct/2025:02:56:01 +0000] \"GET /health HTTP/1.1\" 200 74 \"-\" \"HTTPie\"","service":"acquisitions-api"}
{"level":"info","message":"::1 - - [04/Oct/2025:02:56:02 +0000] \"GET /health HTTP/1.1\" 200 74 \"-\" \"HTTPie\"","service":"acquisitions-api"}
{"level":"info","message":"::1 - - [04/Oct/2025:02:56:03 +0000] \"GET /health HTTP/1.1\" 200 74 \"-\" \"HTTPie\"","service":"acquisitions-api"}
{"level":"info","message":"::1 - - [04/Oct/2025:02:56:03 +0000] \"GET /health HTTP/1.1\" 200 74 \"-\" \"HTTPie\"","service":"acquisitions-api"}
{"level":"info","message":"::1 - - [04/Oct/2025:02:56:03 +0000] \"GET /health HTTP/1.1\" 200 74 \"-\" \"HTTPie\"","service":"acquisitions-api"}
{"level":"info","message":"::1 - - [04/Oct/2025:02:56:04 +0000] \"GET /health HTTP/1.1\" 200 74 \"-\" \"HTTPie\"","service":"acquisitions-api"}
{"level":"info","message":"::1 - - [04/Oct/2025:02:56:04 +0000] \"GET /health HTTP/1.1\" 200 74 \"-\" \"HTTPie\"","service":"acquisitions-api"}
{"level":"info","message":"::1 - - [04/Oct/2025:02:56:05 +0000] \"GET /health HTTP/1.1\" 200 74 \"-\" \"HTTPie\"","service":"acquisitions-api"}
{"level":"info","message":"::1 - - [04/Oct/2025:02:56:05 +0000] \"GET /health HTTP/1.1\" 200 74 \"-\" \"HTTPie\"","service":"acquisitions-api"}
{"level":"info","message":"::1 - - [04/Oct/2025:02:56:05 +0000] \"GET /health HTTP/1.1\" 200 74 \"-\" \"HTTPie\"","service":"acquisitions-api"}
{"level":"info","message":"::1 - - [04/Oct/2025:02:56:06 +0000] \"GET /health HTTP/1.1\" 200 74 \"-\" \"HTTPie\"","service":"acquisitions-api"}
{"level":"info","message":"::1 - - [04/Oct/2025:02:56:06 +0000] \"GET /health HTTP/1.1\" 200 74 \"-\" \"HTTPie\"","service":"acquisitions-api"}
{"level":"info","message":"::1 - - [04/Oct/2025:02:56:07 +0000] \"GET /health HTTP/1.1\" 200 73 \"-\" \"HTTPie\"","service":"acquisitions-api"}
{"level":"info","message":"::1 - - [04/Oct/2025:02:56:07 +0000] \"GET /health HTTP/1.1\" 200 74 \"-\" \"HTTPie\"","service":"acquisitions-api"}
{"level":"info","message":"::1 - - [04/Oct/2025:02:56:08 +0000] \"GET /health HTTP/1.1\" 200 74 \"-\" \"HTTPie\"","service":"acquisitions-api"}
{"level":"info","message":"::1 - - [04/Oct/2025:02:56:08 +0000] \"GET /health HTTP/1.1\" 200 74 \"-\" \"HTTPie\"","service":"acquisitions-api"}
{"level":"info","message":"::1 - - [04/Oct/2025:02:56:09 +0000] \"GET /health HTTP/1.1\" 200 74 \"-\" \"HTTPie\"","service":"acquisitions-api"}
{"level":"info","message":"::1 - - [04/Oct/2025:02:56:09 +0000] \"GET /health HTTP/1.1\" 200 74 \"-\" \"HTTPie\"","service":"acquisitions-api"}
{"level":"info","message":"::1 - - [04/Oct/2025:02:56:10 +0000] \"GET /health HTTP/1.1\" 200 74 \"-\" \"HTTPie\"","service":"acquisitions-api"}
{"level":"info","message":"::1 - - [04/Oct/2025:02:56:10 +0000] \"GET /health HTTP/1.1\" 200 74 \"-\" \"HTTPie\"","service":"acquisitions-api"}
{"level":"info","message":"::1 - - [04/Oct/2025:02:56:10 +0000] \"GET /health HTTP/1.1\" 200 74 \"-\" \"HTTPie\"","service":"acquisitions-api"}
{"level":"info","message":"::1 - - [04/Oct/2025:02:56:11 +0000] \"GET /health HTTP/1.1\" 200 74 \"-\" \"HTTPie\"","service":"acquisitions-api"}
{"level":"info","message":"::1 - - [04/Oct/2025:02:56:11 +0000] \"GET /health HTTP/1.1\" 200 74 \"-\" \"HTTPie\"","service":"acquisitions-api"}
{"level":"info","message":"::1 - - [04/Oct/2025:02:56:12 +0000] \"GET /health HTTP/1.1\" 200 74 \"-\" \"HTTPie\"","service":"acquisitions-api"}
{"level":"info","message":"::1 - - [04/Oct/2025:02:56:12 +0000] \"GET /health HTTP/1.1\" 200 74 \"-\" \"HTTPie\"","service":"acquisitions-api"}
{"level":"info","message":"::1 - - [04/Oct/2025:02:56:16 +0000] \"GET /health HTTP/1.1\" 200 73 \"-\" \"HTTPie\"","service":"acquisitions-api"}
{"level":"info","message":"::1 - - [04/Oct/2025:02:56:16 +0000] \"GET /health HTTP/1.1\" 200 74 \"-\" \"HTTPie\"","service":"acquisitions-api"}
{"level":"info","message":"::1 - - [04/Oct/2025:02:56:17 +0000] \"GET /health HTTP/1.1\" 200 74 \"-\" \"HTTPie\"","service":"acquisitions-api"}
{"level":"info","message":"::1 - - [04/Oct/2025:02:56:17 +0000] \"GET /health HTTP/1.1\" 200 74 \"-\" \"HTTPie\"","service":"acquisitions-api"}
{"level":"info","message":"::1 - - [04/Oct/2025:02:56:17 +0000] \"GET /health HTTP/1.1\" 200 74 \"-\" \"HTTPie\"","service":"acquisitions-api"}
{"level":"info","message":"::1 - - [04/Oct/2025:02:56:18 +0000] \"GET /health HTTP/1.1\" 200 74 \"-\" \"HTTPie\"","service":"acquisitions-api"}
{"level":"info","message":"::1 - - [04/Oct/2025:02:56:18 +0000] \"GET /health HTTP/1.1\" 200 74 \"-\" \"HTTPie\"","service":"acquisitions-api"}
{"level":"info","message":"::1 - - [04/Oct/2025:02:56:19 +0000] \"GET /health HTTP/1.1\" 200 74 \"-\" \"HTTPie\"","service":"acquisitions-api"}
{"level":"info","message":"::1 - - [04/Oct/2025:02:56:19 +0000] \"GET /health HTTP/1.1\" 200 74 \"-\" \"HTTPie\"","service":"acquisitions-api"}
{"level":"info","message":"::1 - - [04/Oct/2025:02:56:19 +0000] \"GET /health HTTP/1.1\" 200 74 \"-\" \"HTTPie\"","service":"acquisitions-api"}
{"level":"info","message":"::1 - - [04/Oct/2025:02:56:20 +0000] \"GET /health HTTP/1.1\" 200 74 \"-\" \"HTTPie\"","service":"acquisitions-api"}
{"level":"info","message":"::1 - - [04/Oct/2025:02:56:20 +0000] \"GET /health HTTP/1.1\" 200 73 \"-\" \"HTTPie\"","service":"acquisitions-api"}
{"level":"info","message":"::1 - - [04/Oct/2025:02:56:21 +0000] \"GET /health HTTP/1.1\" 200 74 \"-\" \"HTTPie\"","service":"acquisitions-api"}
{"level":"info","message":"::1 - - [04/Oct/2025:02:56:21 +0000] \"GET /health HTTP/1.1\" 200 73 \"-\" \"HTTPie\"","service":"acquisitions-api"}
{"level":"info","message":"::1 - - [04/Oct/2025:02:56:21 +0000] \"GET /health HTTP/1.1\" 200 74 \"-\" \"HTTPie\"","service":"acquisitions-api"}
{"level":"info","message":"::1 - - [04/Oct/2025:02:56:22 +0000] \"GET /health HTTP/1.1\" 200 74 \"-\" \"HTTPie\"","service":"acquisitions-api"}
{"level":"info","message":"::1 - - [04/Oct/2025:02:56:22 +0000] \"GET /health HTTP/1.1\" 200 73 \"-\" \"HTTPie\"","service":"acquisitions-api"}
{"level":"info","message":"::1 - - [04/Oct/2025:02:56:23 +0000] \"GET /health HTTP/1.1\" 200 74 \"-\" \"HTTPie\"","service":"acquisitions-api"}
{"level":"info","message":"::1 - - [04/Oct/2025:02:56:23 +0000] \"GET /health HTTP/1.1\" 200 74 \"-\" \"HTTPie\"","service":"acquisitions-api"}
{"level":"info","message":"::1 - - [04/Oct/2025:02:56:24 +0000] \"GET /health HTTP/1.1\" 200 75 \"-\" \"HTTPie\"","service":"acquisitions-api"}
{"level":"info","message":"::1 - - [04/Oct/2025:02:59:43 +0000] \"GET /health HTTP/1.1\" 200 75 \"-\" \"HTTPie\"","service":"acquisitions-api"}
{"level":"info","message":"::1 - - [04/Oct/2025:02:59:45 +0000] \"GET /health HTTP/1.1\" 200 75 \"-\" \"HTTPie\"","service":"acquisitions-api"}
{"level":"info","message":"::1 - - [04/Oct/2025:02:59:46 +0000] \"GET /health HTTP/1.1\" 200 75 \"-\" \"HTTPie\"","service":"acquisitions-api"}
{"level":"info","message":"::1 - - [04/Oct/2025:02:59:46 +0000] \"GET /health HTTP/1.1\" 200 75 \"-\" \"HTTPie\"","service":"acquisitions-api"}
{"level":"info","message":"::1 - - [04/Oct/2025:02:59:47 +0000] \"GET /health HTTP/1.1\" 200 75 \"-\" \"HTTPie\"","service":"acquisitions-api"}
{"level":"info","message":"::1 - - [04/Oct/2025:02:59:47 +0000] \"GET /health HTTP/1.1\" 200 75 \"-\" \"HTTPie\"","service":"acquisitions-api"}
{"ip":"::1","level":"warn","message":"Rate limit exceeded","path":"/health","service":"acquisitions-api","userAgent":"HTTPie"}
{"level":"info","message":"::1 - - [04/Oct/2025:02:59:48 +0000] \"GET /health HTTP/1.1\" 403 50 \"-\" \"HTTPie\"","service":"acquisitions-api"}
{"ip":"::1","level":"warn","message":"Rate limit exceeded","path":"/health","service":"acquisitions-api","userAgent":"HTTPie"}
{"level":"info","message":"::1 - - [04/Oct/2025:02:59:48 +0000] \"GET /health HTTP/1.1\" 403 50 \"-\" \"HTTPie\"","service":"acquisitions-api"}
{"ip":"::1","level":"warn","message":"Rate limit exceeded","path":"/health","service":"acquisitions-api","userAgent":"HTTPie"}
{"level":"info","message":"::1 - - [04/Oct/2025:02:59:48 +0000] \"GET /health HTTP/1.1\" 403 50 \"-\" \"HTTPie\"","service":"acquisitions-api"}
{"ip":"::1","level":"warn","message":"Rate limit exceeded","path":"/health","service":"acquisitions-api","userAgent":"HTTPie"}
{"level":"info","message":"::1 - - [04/Oct/2025:02:59:49 +0000] \"GET /health HTTP/1.1\" 403 50 \"-\" \"HTTPie\"","service":"acquisitions-api"}
{"ip":"::1","level":"warn","message":"Rate limit exceeded","path":"/health","service":"acquisitions-api","userAgent":"HTTPie"}
{"level":"info","message":"::1 - - [04/Oct/2025:02:59:49 +0000] \"GET /health HTTP/1.1\" 403 50 \"-\" \"HTTPie\"","service":"acquisitions-api"}
{"level":"info","message":"::1 - - [05/Oct/2025:18:30:36 +0000] \"GET /health HTTP/1.1\" 200 75 \"-\" \"-\"","service":"acquisitions-api"}
{"level":"info","message":"::1 - - [05/Oct/2025:18:31:08 +0000] \"GET /health HTTP/1.1\" 200 76 \"-\" \"-\"","service":"acquisitions-api"}
{"level":"info","message":"::1 - - [05/Oct/2025:18:31:38 +0000] \"GET /health HTTP/1.1\" 200 76 \"-\" \"-\"","service":"acquisitions-api"}
{"level":"info","message":"::1 - - [05/Oct/2025:18:32:09 +0000] \"GET /health HTTP/1.1\" 200 77 \"-\" \"-\"","service":"acquisitions-api"}
{"level":"info","message":"::1 - - [05/Oct/2025:18:32:40 +0000] \"GET /health HTTP/1.1\" 200 77 \"-\" \"-\"","service":"acquisitions-api"}
{"level":"info","message":"::1 - - [05/Oct/2025:18:33:11 +0000] \"GET /health HTTP/1.1\" 200 77 \"-\" \"-\"","service":"acquisitions-api"}
{"level":"info","message":"::1 - - [05/Oct/2025:18:33:41 +0000] \"GET /health HTTP/1.1\" 200 76 \"-\" \"-\"","service":"acquisitions-api"}
{"level":"info","message":"::1 - - [05/Oct/2025:18:34:12 +0000] \"GET /health HTTP/1.1\" 200 77 \"-\" \"-\"","service":"acquisitions-api"}
{"level":"info","message":"::1 - - [05/Oct/2025:18:34:43 +0000] \"GET /health HTTP/1.1\" 200 77 \"-\" \"-\"","service":"acquisitions-api"}
{"level":"info","message":"::ffff:172.19.0.1 - - [05/Oct/2025:18:35:11 +0000] \"GET /favicon.ico HTTP/1.1\" 404 150 \"-\" \"Mozilla/5.0 (Windows NT 10.0; Win64; x64) AppleWebKit/537.36 (KHTML, like Gecko) Chrome/141.0.0.0 Safari/537.36\"","service":"acquisitions-api"}
{"level":"info","message":"Hello from Acquisitions!!","service":"acquisitions-api"}
{"level":"info","message":"::ffff:172.19.0.1 - - [05/Oct/2025:18:35:13 +0000] \"GET / HTTP/1.1\" 304 - \"-\" \"Mozilla/5.0 (Windows NT 10.0; Win64; x64) AppleWebKit/537.36 (KHTML, like Gecko) Chrome/141.0.0.0 Safari/537.36\"","service":"acquisitions-api"}
{"level":"info","message":"::1 - - [05/Oct/2025:18:35:13 +0000] \"GET /health HTTP/1.1\" 200 77 \"-\" \"-\"","service":"acquisitions-api"}
{"level":"info","message":"Hello from Acquisitions!!","service":"acquisitions-api"}
{"level":"info","message":"::ffff:172.19.0.1 - - [05/Oct/2025:18:35:15 +0000] \"GET / HTTP/1.1\" 304 - \"-\" \"Mozilla/5.0 (Windows NT 10.0; Win64; x64) AppleWebKit/537.36 (KHTML, like Gecko) Chrome/141.0.0.0 Safari/537.36\"","service":"acquisitions-api"}
{"level":"info","message":"::1 - - [05/Oct/2025:18:35:44 +0000] \"GET /health HTTP/1.1\" 200 77 \"-\" \"-\"","service":"acquisitions-api"}
{"level":"info","message":"::1 - - [05/Oct/2025:18:36:15 +0000] \"GET /health HTTP/1.1\" 200 77 \"-\" \"-\"","service":"acquisitions-api"}
{"level":"info","message":"::1 - - [05/Oct/2025:18:36:46 +0000] \"GET /health HTTP/1.1\" 200 77 \"-\" \"-\"","service":"acquisitions-api"}
{"level":"info","message":"::1 - - [05/Oct/2025:18:37:16 +0000] \"GET /health HTTP/1.1\" 200 77 \"-\" \"-\"","service":"acquisitions-api"}
{"level":"info","message":"::1 - - [05/Oct/2025:18:37:47 +0000] \"GET /health HTTP/1.1\" 200 77 \"-\" \"-\"","service":"acquisitions-api"}
{"level":"info","message":"::1 - - [05/Oct/2025:18:38:18 +0000] \"GET /health HTTP/1.1\" 200 77 \"-\" \"-\"","service":"acquisitions-api"}
{"level":"info","message":"::1 - - [05/Oct/2025:18:38:48 +0000] \"GET /health HTTP/1.1\" 200 76 \"-\" \"-\"","service":"acquisitions-api"}
{"level":"info","message":"::1 - - [05/Oct/2025:18:39:19 +0000] \"GET /health HTTP/1.1\" 200 77 \"-\" \"-\"","service":"acquisitions-api"}
{"level":"info","message":"::1 - - [05/Oct/2025:18:39:50 +0000] \"GET /health HTTP/1.1\" 200 77 \"-\" \"-\"","service":"acquisitions-api"}
{"level":"info","message":"::1 - - [05/Oct/2025:18:40:21 +0000] \"GET /health HTTP/1.1\" 200 77 \"-\" \"-\"","service":"acquisitions-api"}
{"level":"info","message":"::1 - - [05/Oct/2025:18:40:51 +0000] \"GET /health HTTP/1.1\" 200 77 \"-\" \"-\"","service":"acquisitions-api"}
{"level":"info","message":"::1 - - [05/Oct/2025:18:41:22 +0000] \"GET /health HTTP/1.1\" 200 76 \"-\" \"-\"","service":"acquisitions-api"}
{"level":"info","message":"::1 - - [05/Oct/2025:18:41:53 +0000] \"GET /health HTTP/1.1\" 200 77 \"-\" \"-\"","service":"acquisitions-api"}
{"level":"info","message":"::1 - - [05/Oct/2025:18:42:23 +0000] \"GET /health HTTP/1.1\" 200 77 \"-\" \"-\"","service":"acquisitions-api"}
{"level":"info","message":"::1 - - [05/Oct/2025:18:42:54 +0000] \"GET /health HTTP/1.1\" 200 77 \"-\" \"-\"","service":"acquisitions-api"}
{"level":"info","message":"::1 - - [05/Oct/2025:18:43:25 +0000] \"GET /health HTTP/1.1\" 200 77 \"-\" \"-\"","service":"acquisitions-api"}
{"level":"info","message":"::1 - - [05/Oct/2025:18:43:56 +0000] \"GET /health HTTP/1.1\" 200 77 \"-\" \"-\"","service":"acquisitions-api"}
{"level":"info","message":"::1 - - [05/Oct/2025:18:44:27 +0000] \"GET /health HTTP/1.1\" 200 77 \"-\" \"-\"","service":"acquisitions-api"}
{"level":"info","message":"::1 - - [05/Oct/2025:18:44:57 +0000] \"GET /health HTTP/1.1\" 200 77 \"-\" \"-\"","service":"acquisitions-api"}
{"level":"info","message":"Hello from Acquisitions!!","service":"acquisitions-api"}
{"level":"info","message":"::ffff:172.19.0.1 - - [05/Oct/2025:18:45:10 +0000] \"GET / HTTP/1.1\" 200 26 \"-\" \"HTTPie\"","service":"acquisitions-api"}
{"level":"info","message":"::1 - - [05/Oct/2025:18:45:28 +0000] \"GET /health HTTP/1.1\" 200 77 \"-\" \"-\"","service":"acquisitions-api"}
{"level":"info","message":"::1 - - [05/Oct/2025:18:45:59 +0000] \"GET /health HTTP/1.1\" 200 77 \"-\" \"-\"","service":"acquisitions-api"}
{"level":"info","message":"::1 - - [05/Oct/2025:18:46:30 +0000] \"GET /health HTTP/1.1\" 200 77 \"-\" \"-\"","service":"acquisitions-api"}
{"level":"info","message":"::1 - - [05/Oct/2025:18:47:01 +0000] \"GET /health HTTP/1.1\" 200 78 \"-\" \"-\"","service":"acquisitions-api"}
{"level":"info","message":"::1 - - [05/Oct/2025:18:47:31 +0000] \"GET /health HTTP/1.1\" 200 78 \"-\" \"-\"","service":"acquisitions-api"}
{"level":"info","message":"::1 - - [05/Oct/2025:18:48:02 +0000] \"GET /health HTTP/1.1\" 200 78 \"-\" \"-\"","service":"acquisitions-api"}
{"level":"info","message":"::1 - - [05/Oct/2025:18:48:33 +0000] \"GET /health HTTP/1.1\" 200 77 \"-\" \"-\"","service":"acquisitions-api"}
{"level":"info","message":"::1 - - [05/Oct/2025:18:49:04 +0000] \"GET /health HTTP/1.1\" 200 78 \"-\" \"-\"","service":"acquisitions-api"}
{"level":"info","message":"::1 - - [05/Oct/2025:18:49:35 +0000] \"GET /health HTTP/1.1\" 200 78 \"-\" \"-\"","service":"acquisitions-api"}
{"cause":{"name":"NeonDbError","sourceError":{"cause":{"address":"172.19.0.2","code":"ECONNREFUSED","errno":-111,"port":443,"syscall":"connect"}}},"level":"error","message":"Error creating user: Failed query: select \"id\", \"name\", \"email\", \"password\", \"role\", \"createdAt\", \"updatedAt\" from \"users\" where \"users\".\"email\" = $1 limit $2\nparams: adrain@contact.com,1","params":["adrain@contact.com",1],"query":"select \"id\", \"name\", \"email\", \"password\", \"role\", \"createdAt\", \"updatedAt\" from \"users\" where \"users\".\"email\" = $1 limit $2","service":"acquisitions-api","stack":"Error: Failed query: select \"id\", \"name\", \"email\", \"password\", \"role\", \"createdAt\", \"updatedAt\" from \"users\" where \"users\".\"email\" = $1 limit $2\nparams: adrain@contact.com,1\n    at NeonHttpPreparedQuery.queryWithCache (file:///app/node_modules/drizzle-orm/pg-core/session.js:41:15)\n    at process.processTicksAndRejections (node:internal/process/task_queues:95:5)\n    at async NeonHttpPreparedQuery.execute (file:///app/node_modules/drizzle-orm/neon-http/session.js:45:20)\n    at async createUser (file:///app/src/services/auth.service.js:64:26)\n    at async signup (file:///app/src/controllers/auth.controller.js:25:18)"}
{"cause":{"name":"NeonDbError","sourceError":{"cause":{"address":"172.19.0.2","code":"ECONNREFUSED","errno":-111,"port":443,"syscall":"connect"}}},"level":"error","message":"Error in signup : Error creating user","service":"acquisitions-api","stack":"Error: Error creating user\n    at createUser (file:///app/src/services/auth.service.js:94:11)\n    at process.processTicksAndRejections (node:internal/process/task_queues:95:5)\n    at async signup (file:///app/src/controllers/auth.controller.js:25:18)"}
{"level":"info","message":"::ffff:172.19.0.1 - - [05/Oct/2025:18:50:01 +0000] \"POST /api/auth/sign-up HTTP/1.1\" 500 416 \"-\" \"HTTPie\"","service":"acquisitions-api"}
{"level":"info","message":"::1 - - [05/Oct/2025:18:50:07 +0000] \"GET /health HTTP/1.1\" 200 78 \"-\" \"-\"","service":"acquisitions-api"}
{"level":"info","message":"::1 - - [05/Oct/2025:18:50:37 +0000] \"GET /health HTTP/1.1\" 200 78 \"-\" \"-\"","service":"acquisitions-api"}
{"level":"info","message":"::1 - - [05/Oct/2025:18:51:08 +0000] \"GET /health HTTP/1.1\" 200 78 \"-\" \"-\"","service":"acquisitions-api"}
{"level":"info","message":"::1 - - [05/Oct/2025:18:51:39 +0000] \"GET /health HTTP/1.1\" 200 78 \"-\" \"-\"","service":"acquisitions-api"}
{"level":"info","message":"::1 - - [05/Oct/2025:18:52:10 +0000] \"GET /health HTTP/1.1\" 200 78 \"-\" \"-\"","service":"acquisitions-api"}
{"level":"info","message":"::1 - - [05/Oct/2025:18:52:41 +0000] \"GET /health HTTP/1.1\" 200 78 \"-\" \"-\"","service":"acquisitions-api"}
{"level":"info","message":"::1 - - [05/Oct/2025:18:53:11 +0000] \"GET /health HTTP/1.1\" 200 78 \"-\" \"-\"","service":"acquisitions-api"}
{"level":"info","message":"::1 - - [05/Oct/2025:18:53:43 +0000] \"GET /health HTTP/1.1\" 200 78 \"-\" \"-\"","service":"acquisitions-api"}
{"level":"info","message":"::1 - - [05/Oct/2025:18:54:13 +0000] \"GET /health HTTP/1.1\" 200 78 \"-\" \"-\"","service":"acquisitions-api"}
{"level":"info","message":"::1 - - [05/Oct/2025:18:54:44 +0000] \"GET /health HTTP/1.1\" 200 78 \"-\" \"-\"","service":"acquisitions-api"}
{"level":"info","message":"::1 - - [05/Oct/2025:18:55:14 +0000] \"GET /health HTTP/1.1\" 200 78 \"-\" \"-\"","service":"acquisitions-api"}
{"level":"info","message":"::1 - - [05/Oct/2025:18:55:45 +0000] \"GET /health HTTP/1.1\" 200 78 \"-\" \"-\"","service":"acquisitions-api"}
{"level":"info","message":"::1 - - [05/Oct/2025:18:56:16 +0000] \"GET /health HTTP/1.1\" 200 78 \"-\" \"-\"","service":"acquisitions-api"}
